----------------------------------------------------------------------------
DW_local (FluffOS v2.27) starting up on Linux/x86-64 - Wed Jan 25 17:50:20 2017


/include/all_inc.h line 10: Warning: Unknown #pragma, ignored. before #pragma strict_types
/include/all_inc.h line 10: Warning: Unknown #pragma, ignored. before #pragma strict_types
/include/all_inc.h line 10: Warning: Unknown #pragma, ignored. before #pragma strict_types
/include/all_inc.h line 10: Warning: Unknown #pragma, ignored. before #pragma strict_types
/include/all_inc.h line 10: Warning: Unknown #pragma, ignored. before #pragma strict_types
/include/all_inc.h line 10: Warning: Unknown #pragma, ignored. before #pragma strict_types
/include/all_inc.h line 10: Warning: Unknown #pragma, ignored. before #pragma strict_types
/include/all_inc.h line 10: Warning: Unknown #pragma, ignored. before #pragma strict_types
/include/all_inc.h line 10: Warning: Unknown #pragma, ignored. before #pragma strict_types
/include/all_inc.h line 10: Warning: Unknown #pragma, ignored. before #pragma strict_types
/include/all_inc.h line 10: Warning: Unknown #pragma, ignored. before #pragma strict_types
/include/all_inc.h line 10: Warning: Unknown #pragma, ignored. before #pragma strict_types
/include/all_inc.h line 10: Warning: Unknown #pragma, ignored. before #pragma strict_types
/include/all_inc.h line 10: Warning: Unknown #pragma, ignored. before #pragma strict_types
/include/all_inc.h line 10: Warning: Unknown #pragma, ignored. before #pragma strict_types
/include/all_inc.h line 10: Warning: Unknown #pragma, ignored. before #pragma strict_types
/include/all_inc.h line 10: Warning: Unknown #pragma, ignored. before #pragma strict_types
/include/all_inc.h line 10: Warning: Unknown #pragma, ignored. before #pragma strict_types
/include/all_inc.h line 10: Warning: Unknown #pragma, ignored. before #pragma strict_types
/include/all_inc.h line 10: Warning: Unknown #pragma, ignored. before #pragma strict_types
/include/all_inc.h line 10: Warning: Unknown #pragma, ignored. before #pragma strict_types
/include/all_inc.h line 10: Warning: Unknown #pragma, ignored. before #pragma strict_types
/include/all_inc.h line 10: Warning: Unknown #pragma, ignored. before #pragma strict_types
/include/all_inc.h line 10: Warning: Unknown #pragma, ignored. before #pragma strict_types
/include/all_inc.h line 10: Warning: Unknown #pragma, ignored. before #pragma strict_types
/include/all_inc.h line 10: Warning: Unknown #pragma, ignored. before #pragma strict_types
/include/all_inc.h line 10: Warning: Unknown #pragma, ignored. before #pragma strict_types
/include/all_inc.h line 10: Warning: Unknown #pragma, ignored. before #pragma strict_types
/include/all_inc.h line 10: Warning: Unknown #pragma, ignored. before #pragma strict_types
/include/all_inc.h line 10: Warning: Unknown #pragma, ignored. before #pragma strict_types
/include/all_inc.h line 10: Warning: Unknown #pragma, ignored. before #pragma strict_types
/include/all_inc.h line 10: Warning: Unknown #pragma, ignored. before #pragma strict_types
/include/all_inc.h line 10: Warning: Unknown #pragma, ignored. before #pragma strict_types
/include/all_inc.h line 10: Warning: Unknown #pragma, ignored. before #pragma strict_types
/include/all_inc.h line 10: Warning: Unknown #pragma, ignored. before #pragma strict_types
/include/all_inc.h line 10: Warning: Unknown #pragma, ignored. before #pragma strict_types
/include/all_inc.h line 10: Warning: Unknown #pragma, ignored. before #pragma strict_types
/include/all_inc.h line 10: Warning: Unknown #pragma, ignored. before #pragma strict_types
/include/all_inc.h line 10: Warning: Unknown #pragma, ignored. before #pragma strict_types
/include/all_inc.h line 10: Warning: Unknown #pragma, ignored. before #pragma strict_types
/include/all_inc.h line 10: Warning: Unknown #pragma, ignored. before #pragma strict_types
/include/all_inc.h line 10: Warning: Unknown #pragma, ignored. before #pragma strict_types
/include/all_inc.h line 10: Warning: Unknown #pragma, ignored. before #pragma strict_types
/include/all_inc.h line 10: Warning: Unknown #pragma, ignored. before #pragma strict_types
/include/all_inc.h line 10: Warning: Unknown #pragma, ignored. before #pragma strict_types
/include/all_inc.h line 10: Warning: Unknown #pragma, ignored. before #pragma strict_types
/include/all_inc.h line 10: Warning: Unknown #pragma, ignored. before #pragma strict_types
/include/all_inc.h line 10: Warning: Unknown #pragma, ignored. before #pragma strict_types
/include/all_inc.h line 10: Warning: Unknown #pragma, ignored. before #pragma strict_types
/include/all_inc.h line 10: Warning: Unknown #pragma, ignored. before #pragma strict_types
/include/all_inc.h line 10: Warning: Unknown #pragma, ignored. before #pragma strict_types
/include/all_inc.h line 10: Warning: Unknown #pragma, ignored. before #pragma strict_types
/include/all_inc.h line 10: Warning: Unknown #pragma, ignored. before #pragma strict_types
/include/all_inc.h line 10: Warning: Unknown #pragma, ignored. before #pragma strict_types
/include/all_inc.h line 10: Warning: Unknown #pragma, ignored. before #pragma strict_types
/include/all_inc.h line 10: Warning: Unknown #pragma, ignored. before #pragma strict_types
/include/all_inc.h line 10: Warning: Unknown #pragma, ignored. before #pragma strict_types
/include/all_inc.h line 10: Warning: Unknown #pragma, ignored. before #pragma strict_types
/include/all_inc.h line 10: Warning: Unknown #pragma, ignored. before #pragma strict_types
/include/all_inc.h line 10: Warning: Unknown #pragma, ignored. before #pragma strict_types
/include/all_inc.h line 10: Warning: Unknown #pragma, ignored. before #pragma strict_types
/include/all_inc.h line 10: Warning: Unknown #pragma, ignored. before #pragma strict_types
/include/all_inc.h line 10: Warning: Unknown #pragma, ignored. before #pragma strict_types
/include/all_inc.h line 10: Warning: Unknown #pragma, ignored. before #pragma strict_types
/include/all_inc.h line 10: Warning: Unknown #pragma, ignored. before #pragma strict_types
/include/all_inc.h line 10: Warning: Unknown #pragma, ignored. before #pragma strict_types
/include/all_inc.h line 10: Warning: Unknown #pragma, ignored. before #pragma strict_types
/include/all_inc.h line 10: Warning: Unknown #pragma, ignored. before #pragma strict_types
/include/all_inc.h line 10: Warning: Unknown #pragma, ignored. before #pragma strict_types
/include/all_inc.h line 10: Warning: Unknown #pragma, ignored. before #pragma strict_types

Loading preloaded files ...
Initializations complete.

Accepting connections on port 4242.
******** FATAL ERROR: Process interrupted
FluffOS driver attempting to exit gracefully.
crash() in master called successfully.  Aborting.
